  [1m[36m (38.8ms)[0m  [1mCREATE TABLE "schema_migrations" ("version" character varying(255) NOT NULL) [0m
  [1m[35m (10.4ms)[0m  CREATE UNIQUE INDEX "unique_schema_migrations" ON "schema_migrations" ("version")
  [1m[36mActiveRecord::SchemaMigration Load (1.1ms)[0m  [1mSELECT "schema_migrations".* FROM "schema_migrations"[0m
Migrating to CreatePosts (20140825160035)
  [1m[35m (0.2ms)[0m  BEGIN
  [1m[36m (31.6ms)[0m  [1mCREATE TABLE "posts" ("id" serial primary key, "title" character varying(255), "url" character varying(255), "user_id" integer, "point_value" integer, "created_at" timestamp, "updated_at" timestamp) [0m
  [1m[35mSQL (6.5ms)[0m  INSERT INTO "schema_migrations" ("version") VALUES ($1)  [["version", "20140825160035"]]
  [1m[36m (0.6ms)[0m  [1mCOMMIT[0m
Migrating to CreateUsers (20140825160101)
  [1m[35m (0.3ms)[0m  BEGIN
  [1m[36m (20.7ms)[0m  [1mCREATE TABLE "users" ("id" serial primary key, "email" character varying(255), "name" character varying(255), "password_digest" character varying(255), "created_at" timestamp, "updated_at" timestamp) [0m
  [1m[35mSQL (1.4ms)[0m  INSERT INTO "schema_migrations" ("version") VALUES ($1)  [["version", "20140825160101"]]
  [1m[36m (0.8ms)[0m  [1mCOMMIT[0m
Migrating to CreateComments (20140825160136)
  [1m[35m (0.3ms)[0m  BEGIN
  [1m[36m (7.4ms)[0m  [1mCREATE TABLE "comments" ("id" serial primary key, "body_text" text, "commenter_id" integer, "post_id" integer, "created_at" timestamp, "updated_at" timestamp) [0m
  [1m[35mSQL (0.3ms)[0m  INSERT INTO "schema_migrations" ("version") VALUES ($1)  [["version", "20140825160136"]]
  [1m[36m (0.7ms)[0m  [1mCOMMIT[0m
  [1m[35mActiveRecord::SchemaMigration Load (0.3ms)[0m  SELECT "schema_migrations".* FROM "schema_migrations"
  [1m[36mUser Load (2.6ms)[0m  [1mSELECT "users".* FROM "users" ORDER BY "users"."id" ASC LIMIT 1[0m
  [1m[35mUser Load (2.3ms)[0m  SELECT "users".* FROM "users" WHERE "users"."email" = 'joey' LIMIT 1


Started GET "/" for 127.0.0.1 at 2014-08-25 21:46:05 -0500
  [1m[36mActiveRecord::SchemaMigration Load (0.7ms)[0m  [1mSELECT "schema_migrations".* FROM "schema_migrations"[0m
Processing by WelcomeController#index as HTML
  [1m[35mPost Load (5.7ms)[0m  SELECT "posts".* FROM "posts" ORDER BY "posts"."created_at" DESC
  Rendered welcome/index.html.erb within layouts/application (10.8ms)
Completed 200 OK in 2073ms (Views: 2035.2ms | ActiveRecord: 5.7ms)


Started GET "/assets/comment.css?body=1" for 127.0.0.1 at 2014-08-25 21:46:07 -0500


Started GET "/assets/post.css?body=1" for 127.0.0.1 at 2014-08-25 21:46:07 -0500


Started GET "/assets/jquery.js?body=1" for 127.0.0.1 at 2014-08-25 21:46:07 -0500


Started GET "/assets/application.css?body=1" for 127.0.0.1 at 2014-08-25 21:46:07 -0500


Started GET "/assets/welcome.css?body=1" for 127.0.0.1 at 2014-08-25 21:46:07 -0500


Started GET "/assets/jquery_ujs.js?body=1" for 127.0.0.1 at 2014-08-25 21:46:07 -0500


Started GET "/assets/user.css?body=1" for 127.0.0.1 at 2014-08-25 21:46:07 -0500


Started GET "/assets/turbolinks.js?body=1" for 127.0.0.1 at 2014-08-25 21:46:07 -0500


Started GET "/assets/post.js?body=1" for 127.0.0.1 at 2014-08-25 21:46:07 -0500


Started GET "/assets/user.js?body=1" for 127.0.0.1 at 2014-08-25 21:46:07 -0500


Started GET "/assets/application.js?body=1" for 127.0.0.1 at 2014-08-25 21:46:07 -0500


Started GET "/assets/comment.js?body=1" for 127.0.0.1 at 2014-08-25 21:46:07 -0500


Started GET "/assets/ourstylz.css?body=1" for 127.0.0.1 at 2014-08-25 21:46:08 -0500


Started GET "/assets/welcome.js?body=1" for 127.0.0.1 at 2014-08-25 21:46:08 -0500


Started GET "/users/new" for 127.0.0.1 at 2014-08-25 21:46:12 -0500
Processing by UsersController#new as HTML
  Rendered users/new.html.erb within layouts/application (32.6ms)
Completed 200 OK in 72ms (Views: 44.6ms | ActiveRecord: 3.8ms)


Started POST "/login" for 127.0.0.1 at 2014-08-25 21:46:23 -0500

SyntaxError (/Users/sabani/Desktop/class-phase3/bobo-news/app/controllers/session_controller.rb:27: syntax error, unexpected end-of-input, expecting keyword_end):
  activesupport (4.0.2) lib/active_support/dependencies.rb:424:in `load'
  activesupport (4.0.2) lib/active_support/dependencies.rb:424:in `block in load_file'
  activesupport (4.0.2) lib/active_support/dependencies.rb:616:in `new_constants_in'
  activesupport (4.0.2) lib/active_support/dependencies.rb:423:in `load_file'
  activesupport (4.0.2) lib/active_support/dependencies.rb:324:in `require_or_load'
  activesupport (4.0.2) lib/active_support/dependencies.rb:463:in `load_missing_constant'
  activesupport (4.0.2) lib/active_support/dependencies.rb:184:in `const_missing'
  activesupport (4.0.2) lib/active_support/inflector/methods.rb:226:in `const_get'
  activesupport (4.0.2) lib/active_support/inflector/methods.rb:226:in `block in constantize'
  activesupport (4.0.2) lib/active_support/inflector/methods.rb:224:in `each'
  activesupport (4.0.2) lib/active_support/inflector/methods.rb:224:in `inject'
  activesupport (4.0.2) lib/active_support/inflector/methods.rb:224:in `constantize'
  activesupport (4.0.2) lib/active_support/dependencies.rb:535:in `get'
  activesupport (4.0.2) lib/active_support/dependencies.rb:566:in `constantize'
  actionpack (4.0.2) lib/action_dispatch/routing/route_set.rb:76:in `controller_reference'
  actionpack (4.0.2) lib/action_dispatch/routing/route_set.rb:66:in `controller'
  actionpack (4.0.2) lib/action_dispatch/routing/route_set.rb:44:in `call'
  actionpack (4.0.2) lib/action_dispatch/journey/router.rb:71:in `block in call'
  actionpack (4.0.2) lib/action_dispatch/journey/router.rb:59:in `each'
  actionpack (4.0.2) lib/action_dispatch/journey/router.rb:59:in `call'
  actionpack (4.0.2) lib/action_dispatch/routing/route_set.rb:680:in `call'
  rack (1.5.2) lib/rack/etag.rb:23:in `call'
  rack (1.5.2) lib/rack/conditionalget.rb:35:in `call'
  rack (1.5.2) lib/rack/head.rb:11:in `call'
  actionpack (4.0.2) lib/action_dispatch/middleware/params_parser.rb:27:in `call'
  actionpack (4.0.2) lib/action_dispatch/middleware/flash.rb:241:in `call'
  rack (1.5.2) lib/rack/session/abstract/id.rb:225:in `context'
  rack (1.5.2) lib/rack/session/abstract/id.rb:220:in `call'
  actionpack (4.0.2) lib/action_dispatch/middleware/cookies.rb:486:in `call'
  activerecord (4.0.2) lib/active_record/query_cache.rb:36:in `call'
  activerecord (4.0.2) lib/active_record/connection_adapters/abstract/connection_pool.rb:626:in `call'
  activerecord (4.0.2) lib/active_record/migration.rb:369:in `call'
  actionpack (4.0.2) lib/action_dispatch/middleware/callbacks.rb:29:in `block in call'
  activesupport (4.0.2) lib/active_support/callbacks.rb:373:in `_run__74920081862204746__call__callbacks'
  activesupport (4.0.2) lib/active_support/callbacks.rb:80:in `run_callbacks'
  actionpack (4.0.2) lib/action_dispatch/middleware/callbacks.rb:27:in `call'
  actionpack (4.0.2) lib/action_dispatch/middleware/reloader.rb:64:in `call'
  actionpack (4.0.2) lib/action_dispatch/middleware/remote_ip.rb:76:in `call'
  actionpack (4.0.2) lib/action_dispatch/middleware/debug_exceptions.rb:17:in `call'
  actionpack (4.0.2) lib/action_dispatch/middleware/show_exceptions.rb:30:in `call'
  railties (4.0.2) lib/rails/rack/logger.rb:38:in `call_app'
  railties (4.0.2) lib/rails/rack/logger.rb:20:in `block in call'
  activesupport (4.0.2) lib/active_support/tagged_logging.rb:67:in `block in tagged'
  activesupport (4.0.2) lib/active_support/tagged_logging.rb:25:in `tagged'
  activesupport (4.0.2) lib/active_support/tagged_logging.rb:67:in `tagged'
  railties (4.0.2) lib/rails/rack/logger.rb:20:in `call'
  actionpack (4.0.2) lib/action_dispatch/middleware/request_id.rb:21:in `call'
  rack (1.5.2) lib/rack/methodoverride.rb:21:in `call'
  rack (1.5.2) lib/rack/runtime.rb:17:in `call'
  activesupport (4.0.2) lib/active_support/cache/strategy/local_cache.rb:83:in `call'
  rack (1.5.2) lib/rack/lock.rb:17:in `call'
  actionpack (4.0.2) lib/action_dispatch/middleware/static.rb:64:in `call'
  rack (1.5.2) lib/rack/sendfile.rb:112:in `call'
  railties (4.0.2) lib/rails/engine.rb:511:in `call'
  railties (4.0.2) lib/rails/application.rb:97:in `call'
  rack (1.5.2) lib/rack/lock.rb:17:in `call'
  rack (1.5.2) lib/rack/content_length.rb:14:in `call'
  rack (1.5.2) lib/rack/handler/webrick.rb:60:in `service'
  /Users/sabani/.rvm/rubies/ruby-2.1.0/lib/ruby/2.1.0/webrick/httpserver.rb:138:in `service'
  /Users/sabani/.rvm/rubies/ruby-2.1.0/lib/ruby/2.1.0/webrick/httpserver.rb:94:in `run'
  /Users/sabani/.rvm/rubies/ruby-2.1.0/lib/ruby/2.1.0/webrick/server.rb:295:in `block in start_thread'


  Rendered /Users/sabani/.rvm/gems/ruby-2.1.1/gems/actionpack-4.0.2/lib/action_dispatch/middleware/templates/rescues/_source.erb (1.0ms)
  Rendered /Users/sabani/.rvm/gems/ruby-2.1.1/gems/actionpack-4.0.2/lib/action_dispatch/middleware/templates/rescues/_trace.erb (7.4ms)
  Rendered /Users/sabani/.rvm/gems/ruby-2.1.1/gems/actionpack-4.0.2/lib/action_dispatch/middleware/templates/rescues/_request_and_response.erb (2.5ms)
  Rendered /Users/sabani/.rvm/gems/ruby-2.1.1/gems/actionpack-4.0.2/lib/action_dispatch/middleware/templates/rescues/diagnostics.erb within rescues/layout (43.6ms)


Started POST "/login" for 127.0.0.1 at 2014-08-25 21:46:39 -0500
Processing by SessionController#login as HTML
  Parameters: {"utf8"=>"✓", "authenticity_token"=>"G/4FGk25Vs7oBMlZfjIlzAsZxOM3w/eFgxK60zf+aJs=", "user"=>{"email"=>"joe@joe.com", "password"=>"[FILTERED]"}, "commit"=>"Create User"}
  [1m[36mUser Load (2.0ms)[0m  [1mSELECT "users".* FROM "users" WHERE "users"."email" = 'joe@joe.com' LIMIT 1[0m
  Rendered users/new.html.erb (2.3ms)
Completed 500 Internal Server Error in 25ms

ActionView::Template::Error (First argument in form cannot contain nil or be empty):
    1: <h2>Login</h2>
    2: <%= form_for @user, url: login_path, method: :post  do |f| %>
    3:   <%= f.email_field :email, :placeholder => "Email" %>
    4:   <%= f.password_field :password, :placeholder => "Password" %>
    5:   <%= f.submit %>
  app/views/users/new.html.erb:2:in `_app_views_users_new_html_erb___1758920813036853661_70270673838620'
  app/controllers/session_controller.rb:7:in `login'


  Rendered /Users/sabani/.rvm/gems/ruby-2.1.1/gems/actionpack-4.0.2/lib/action_dispatch/middleware/templates/rescues/_trace.erb (2.1ms)
  Rendered /Users/sabani/.rvm/gems/ruby-2.1.1/gems/actionpack-4.0.2/lib/action_dispatch/middleware/templates/rescues/_request_and_response.erb (1.9ms)
  Rendered /Users/sabani/.rvm/gems/ruby-2.1.1/gems/actionpack-4.0.2/lib/action_dispatch/middleware/templates/rescues/template_error.erb within rescues/layout (18.5ms)


Started POST "/login" for 127.0.0.1 at 2014-08-25 21:47:19 -0500
Processing by SessionController#login as HTML
  Parameters: {"utf8"=>"✓", "authenticity_token"=>"G/4FGk25Vs7oBMlZfjIlzAsZxOM3w/eFgxK60zf+aJs=", "user"=>{"email"=>"joe@joe.com", "password"=>"[FILTERED]"}, "commit"=>"Create User"}
  [1m[35mUser Load (0.4ms)[0m  SELECT "users".* FROM "users" WHERE "users"."email" = 'joe@joe.com' LIMIT 1
  Rendered users/new.html.erb (10.5ms)
Completed 200 OK in 28ms (Views: 13.2ms | ActiveRecord: 3.8ms)


Started POST "/login" for 127.0.0.1 at 2014-08-25 21:47:37 -0500
Processing by SessionController#login as HTML
  Parameters: {"utf8"=>"✓", "authenticity_token"=>"G/4FGk25Vs7oBMlZfjIlzAsZxOM3w/eFgxK60zf+aJs=", "user"=>{"email"=>"joe@joe.com", "password"=>"[FILTERED]"}, "commit"=>"Create User"}
  [1m[36mUser Load (1.7ms)[0m  [1mSELECT "users".* FROM "users" WHERE "users"."email" = 'joe@joe.com' LIMIT 1[0m
  Rendered users/new.html.erb (12.2ms)
Completed 200 OK in 32ms (Views: 15.0ms | ActiveRecord: 5.1ms)


Started GET "/users/new" for 127.0.0.1 at 2014-08-25 21:48:23 -0500
Processing by UsersController#new as HTML
  Rendered users/new.html.erb within layouts/application (14.8ms)
Completed 200 OK in 39ms (Views: 25.3ms | ActiveRecord: 3.2ms)


Started GET "/assets/turbolinks.js?body=1" for 127.0.0.1 at 2014-08-25 21:48:23 -0500


Started GET "/assets/jquery_ujs.js?body=1" for 127.0.0.1 at 2014-08-25 21:48:23 -0500


Started GET "/assets/application.js?body=1" for 127.0.0.1 at 2014-08-25 21:48:23 -0500


Started GET "/assets/jquery.js?body=1" for 127.0.0.1 at 2014-08-25 21:48:23 -0500


Started POST "/login" for 127.0.0.1 at 2014-08-25 21:48:28 -0500
Processing by SessionController#login as HTML
  Parameters: {"utf8"=>"✓", "authenticity_token"=>"G/4FGk25Vs7oBMlZfjIlzAsZxOM3w/eFgxK60zf+aJs=", "user"=>{"email"=>"basd@bas.com", "password"=>"[FILTERED]"}, "commit"=>"Create User"}
  [1m[35mUser Load (0.7ms)[0m  SELECT "users".* FROM "users" WHERE "users"."email" = 'basd@bas.com' LIMIT 1
Redirected to http://localhost:3000/users/new
Completed 302 Found in 5ms (ActiveRecord: 0.7ms)


Started GET "/users/new" for 127.0.0.1 at 2014-08-25 21:48:28 -0500
Processing by UsersController#new as HTML
  Rendered users/new.html.erb within layouts/application (4.0ms)
Completed 200 OK in 15ms (Views: 14.0ms | ActiveRecord: 0.0ms)


Started GET "/assets/jquery_ujs.js?body=1" for 127.0.0.1 at 2014-08-25 21:48:29 -0500


Started GET "/assets/application.js?body=1" for 127.0.0.1 at 2014-08-25 21:48:29 -0500


Started GET "/assets/turbolinks.js?body=1" for 127.0.0.1 at 2014-08-25 21:48:29 -0500


Started GET "/assets/jquery.js?body=1" for 127.0.0.1 at 2014-08-25 21:48:29 -0500


Started POST "/login" for 127.0.0.1 at 2014-08-25 21:48:38 -0500
Processing by SessionController#login as HTML
  Parameters: {"utf8"=>"✓", "authenticity_token"=>"G/4FGk25Vs7oBMlZfjIlzAsZxOM3w/eFgxK60zf+aJs=", "user"=>{"email"=>"basd@bas.com", "password"=>"[FILTERED]"}, "commit"=>"Create User"}
  [1m[36mUser Load (0.3ms)[0m  [1mSELECT "users".* FROM "users" WHERE "users"."email" = 'basd@bas.com' LIMIT 1[0m
Redirected to http://localhost:3000/users/new
Completed 302 Found in 15ms (ActiveRecord: 2.9ms)


Started GET "/users/new" for 127.0.0.1 at 2014-08-25 21:48:38 -0500
Processing by UsersController#new as HTML
  Rendered users/new.html.erb within layouts/application (11.2ms)
Completed 200 OK in 24ms (Views: 20.9ms | ActiveRecord: 1.1ms)


Started GET "/assets/jquery_ujs.js?body=1" for 127.0.0.1 at 2014-08-25 21:48:38 -0500


Started GET "/assets/turbolinks.js?body=1" for 127.0.0.1 at 2014-08-25 21:48:38 -0500


Started GET "/assets/application.js?body=1" for 127.0.0.1 at 2014-08-25 21:48:38 -0500


Started GET "/assets/jquery.js?body=1" for 127.0.0.1 at 2014-08-25 21:48:38 -0500


Started GET "/users/new" for 127.0.0.1 at 2014-08-25 21:49:00 -0500
Processing by UsersController#new as HTML
  Rendered users/new.html.erb within layouts/application (9.7ms)
Completed 200 OK in 32ms (Views: 19.8ms | ActiveRecord: 3.1ms)


Started GET "/assets/application.css?body=1" for 127.0.0.1 at 2014-08-25 21:49:00 -0500


Started GET "/assets/post.css?body=1" for 127.0.0.1 at 2014-08-25 21:49:00 -0500


Started GET "/assets/comment.css?body=1" for 127.0.0.1 at 2014-08-25 21:49:00 -0500


Started GET "/assets/jquery.js?body=1" for 127.0.0.1 at 2014-08-25 21:49:00 -0500


Started GET "/assets/jquery_ujs.js?body=1" for 127.0.0.1 at 2014-08-25 21:49:00 -0500


Started GET "/assets/turbolinks.js?body=1" for 127.0.0.1 at 2014-08-25 21:49:00 -0500


Started GET "/assets/user.css?body=1" for 127.0.0.1 at 2014-08-25 21:49:00 -0500


Started GET "/assets/ourstylz.css?body=1" for 127.0.0.1 at 2014-08-25 21:49:00 -0500


Started GET "/assets/comment.js?body=1" for 127.0.0.1 at 2014-08-25 21:49:00 -0500


Started GET "/assets/welcome.css?body=1" for 127.0.0.1 at 2014-08-25 21:49:00 -0500


Started GET "/assets/post.js?body=1" for 127.0.0.1 at 2014-08-25 21:49:00 -0500


Started GET "/assets/user.js?body=1" for 127.0.0.1 at 2014-08-25 21:49:00 -0500


Started GET "/assets/welcome.js?body=1" for 127.0.0.1 at 2014-08-25 21:49:00 -0500


Started GET "/assets/application.js?body=1" for 127.0.0.1 at 2014-08-25 21:49:00 -0500


Started POST "/login" for 127.0.0.1 at 2014-08-25 21:49:12 -0500
Processing by SessionController#login as HTML
  Parameters: {"utf8"=>"✓", "authenticity_token"=>"G/4FGk25Vs7oBMlZfjIlzAsZxOM3w/eFgxK60zf+aJs=", "user"=>{"email"=>"axhi12@gmail.com", "password"=>"[FILTERED]"}, "commit"=>"Create User"}
  [1m[35mUser Load (0.4ms)[0m  SELECT "users".* FROM "users" WHERE "users"."email" = 'axhi12@gmail.com' LIMIT 1
  Rendered users/new.html.erb (1.2ms)
Completed 500 Internal Server Error in 18ms

ActionView::Template::Error (First argument in form cannot contain nil or be empty):
    1: <h2>Login</h2>
    2: <%= form_for @user, url: login_path, method: :post  do |f| %>
    3:   <%= f.email_field :email, :placeholder => "Email" %>
    4:   <%= f.password_field :password, :placeholder => "Password" %>
    5:   <%= f.submit %>
  app/views/users/new.html.erb:2:in `_app_views_users_new_html_erb___1758920813036853661_70270673838620'
  app/controllers/session_controller.rb:7:in `login'


  Rendered /Users/sabani/.rvm/gems/ruby-2.1.1/gems/actionpack-4.0.2/lib/action_dispatch/middleware/templates/rescues/_trace.erb (2.1ms)
  Rendered /Users/sabani/.rvm/gems/ruby-2.1.1/gems/actionpack-4.0.2/lib/action_dispatch/middleware/templates/rescues/_request_and_response.erb (1.6ms)
  Rendered /Users/sabani/.rvm/gems/ruby-2.1.1/gems/actionpack-4.0.2/lib/action_dispatch/middleware/templates/rescues/template_error.erb within rescues/layout (19.6ms)


Started POST "/login" for 127.0.0.1 at 2014-08-25 21:49:25 -0500
Processing by SessionController#login as HTML
  Parameters: {"utf8"=>"✓", "authenticity_token"=>"G/4FGk25Vs7oBMlZfjIlzAsZxOM3w/eFgxK60zf+aJs=", "user"=>{"email"=>"axhi12@gmail.com", "password"=>"[FILTERED]"}, "commit"=>"Create User"}
  [1m[36mUser Load (0.3ms)[0m  [1mSELECT "users".* FROM "users" WHERE "users"."email" = 'axhi12@gmail.com' LIMIT 1[0m
  Rendered users/new.html.erb (16.3ms)
Completed 200 OK in 38ms (Views: 22.2ms | ActiveRecord: 3.7ms)


Started POST "/login" for 127.0.0.1 at 2014-08-25 21:51:49 -0500
Processing by SessionController#login as HTML
  Parameters: {"utf8"=>"✓", "authenticity_token"=>"G/4FGk25Vs7oBMlZfjIlzAsZxOM3w/eFgxK60zf+aJs=", "user"=>{"email"=>"axhi12@gmail.com", "password"=>"[FILTERED]"}, "commit"=>"Create User"}
  [1m[35mUser Load (0.4ms)[0m  SELECT "users".* FROM "users" WHERE "users"."email" = 'axhi12@gmail.com' LIMIT 1
Redirected to http://localhost:3000/users/new
Completed 302 Found in 13ms (ActiveRecord: 2.9ms)


Started GET "/users/new" for 127.0.0.1 at 2014-08-25 21:51:49 -0500
Processing by UsersController#new as HTML
  Rendered users/new.html.erb within layouts/application (14.7ms)
Completed 200 OK in 44ms (Views: 37.4ms | ActiveRecord: 4.5ms)


Started GET "/assets/post.css?body=1" for 127.0.0.1 at 2014-08-25 21:51:49 -0500


Started GET "/assets/user.css?body=1" for 127.0.0.1 at 2014-08-25 21:51:49 -0500


Started GET "/assets/welcome.css?body=1" for 127.0.0.1 at 2014-08-25 21:51:49 -0500


Started GET "/assets/application.css?body=1" for 127.0.0.1 at 2014-08-25 21:51:49 -0500


Started GET "/assets/comment.css?body=1" for 127.0.0.1 at 2014-08-25 21:51:49 -0500


Started GET "/assets/jquery.js?body=1" for 127.0.0.1 at 2014-08-25 21:51:49 -0500


Started GET "/assets/turbolinks.js?body=1" for 127.0.0.1 at 2014-08-25 21:51:49 -0500


Started GET "/assets/jquery_ujs.js?body=1" for 127.0.0.1 at 2014-08-25 21:51:49 -0500


Started GET "/assets/comment.js?body=1" for 127.0.0.1 at 2014-08-25 21:51:49 -0500


Started GET "/assets/post.js?body=1" for 127.0.0.1 at 2014-08-25 21:51:49 -0500


Started GET "/assets/user.js?body=1" for 127.0.0.1 at 2014-08-25 21:51:49 -0500


Started GET "/assets/welcome.js?body=1" for 127.0.0.1 at 2014-08-25 21:51:49 -0500


Started GET "/assets/application.js?body=1" for 127.0.0.1 at 2014-08-25 21:51:49 -0500


Started GET "/assets/ourstylz.css?body=1" for 127.0.0.1 at 2014-08-25 21:51:49 -0500


Started GET "/users/new" for 127.0.0.1 at 2014-08-25 21:52:03 -0500
Processing by UsersController#new as HTML
  Rendered users/new.html.erb within layouts/application (14.4ms)
Completed 200 OK in 39ms (Views: 25.4ms | ActiveRecord: 3.1ms)


Started GET "/assets/application.css?body=1" for 127.0.0.1 at 2014-08-25 21:52:03 -0500


Started GET "/assets/comment.css?body=1" for 127.0.0.1 at 2014-08-25 21:52:03 -0500


Started GET "/assets/welcome.css?body=1" for 127.0.0.1 at 2014-08-25 21:52:03 -0500


Started GET "/assets/user.css?body=1" for 127.0.0.1 at 2014-08-25 21:52:03 -0500


Started GET "/assets/jquery.js?body=1" for 127.0.0.1 at 2014-08-25 21:52:03 -0500


Started GET "/assets/jquery_ujs.js?body=1" for 127.0.0.1 at 2014-08-25 21:52:03 -0500


Started GET "/assets/post.css?body=1" for 127.0.0.1 at 2014-08-25 21:52:03 -0500


Started GET "/assets/turbolinks.js?body=1" for 127.0.0.1 at 2014-08-25 21:52:03 -0500


Started GET "/assets/ourstylz.css?body=1" for 127.0.0.1 at 2014-08-25 21:52:03 -0500


Started GET "/assets/comment.js?body=1" for 127.0.0.1 at 2014-08-25 21:52:03 -0500


Started GET "/assets/post.js?body=1" for 127.0.0.1 at 2014-08-25 21:52:03 -0500


Started GET "/assets/user.js?body=1" for 127.0.0.1 at 2014-08-25 21:52:03 -0500


Started GET "/assets/welcome.js?body=1" for 127.0.0.1 at 2014-08-25 21:52:03 -0500


Started GET "/assets/application.js?body=1" for 127.0.0.1 at 2014-08-25 21:52:03 -0500


Started POST "/login" for 127.0.0.1 at 2014-08-25 21:52:13 -0500
Processing by SessionController#login as HTML
  Parameters: {"utf8"=>"✓", "authenticity_token"=>"G/4FGk25Vs7oBMlZfjIlzAsZxOM3w/eFgxK60zf+aJs=", "user"=>{"email"=>"asdf@asdf.com", "password"=>"[FILTERED]"}, "commit"=>"Create User"}
  [1m[36mUser Load (0.3ms)[0m  [1mSELECT "users".* FROM "users" WHERE "users"."email" = 'asdf@asdf.com' LIMIT 1[0m
  Rendered users/new.html.erb (13.3ms)
Completed 200 OK in 34ms (Views: 16.4ms | ActiveRecord: 4.2ms)


Started POST "/login" for 127.0.0.1 at 2014-08-25 21:53:54 -0500
Processing by SessionController#login as HTML
  Parameters: {"utf8"=>"✓", "authenticity_token"=>"G/4FGk25Vs7oBMlZfjIlzAsZxOM3w/eFgxK60zf+aJs=", "user"=>{"email"=>"asdf@asdf.com", "password"=>"[FILTERED]"}, "commit"=>"Create User"}
  [1m[35mUser Load (0.3ms)[0m  SELECT "users".* FROM "users" WHERE "users"."email" = 'asdf@asdf.com' LIMIT 1
  Rendered users/new.html.erb (1.3ms)
Completed 500 Internal Server Error in 18ms

ActionView::Template::Error (First argument in form cannot contain nil or be empty):
    2: <%= @errors %>
    3: <% end %>
    4: <h2>Login</h2>
    5: <%= form_for @user, url: login_path, method: :post  do |f| %>
    6:   <%= f.email_field :email, :placeholder => "Email" %>
    7:   <%= f.password_field :password, :placeholder => "Password" %>
    8:   <%= f.submit %>
  app/views/users/new.html.erb:5:in `_app_views_users_new_html_erb___1758920813036853661_70270658756360'
  app/controllers/session_controller.rb:7:in `login'


  Rendered /Users/sabani/.rvm/gems/ruby-2.1.1/gems/actionpack-4.0.2/lib/action_dispatch/middleware/templates/rescues/_trace.erb (2.3ms)
  Rendered /Users/sabani/.rvm/gems/ruby-2.1.1/gems/actionpack-4.0.2/lib/action_dispatch/middleware/templates/rescues/_request_and_response.erb (1.7ms)
  Rendered /Users/sabani/.rvm/gems/ruby-2.1.1/gems/actionpack-4.0.2/lib/action_dispatch/middleware/templates/rescues/template_error.erb within rescues/layout (24.1ms)


Started POST "/login" for 127.0.0.1 at 2014-08-25 21:54:09 -0500
Processing by SessionController#login as HTML
  Parameters: {"utf8"=>"✓", "authenticity_token"=>"G/4FGk25Vs7oBMlZfjIlzAsZxOM3w/eFgxK60zf+aJs=", "user"=>{"email"=>"asdf@asdf.com", "password"=>"[FILTERED]"}, "commit"=>"Create User"}
  [1m[36mUser Load (0.3ms)[0m  [1mSELECT "users".* FROM "users" WHERE "users"."email" = 'asdf@asdf.com' LIMIT 1[0m
  Rendered users/new.html.erb (22.7ms)
Completed 200 OK in 44ms (Views: 29.5ms | ActiveRecord: 3.4ms)


Started POST "/login" for 127.0.0.1 at 2014-08-25 21:54:23 -0500
Processing by SessionController#login as HTML
  Parameters: {"utf8"=>"✓", "authenticity_token"=>"G/4FGk25Vs7oBMlZfjIlzAsZxOM3w/eFgxK60zf+aJs=", "user"=>{"email"=>"asdf@asdf.com", "password"=>"[FILTERED]"}, "commit"=>"Create User"}
  [1m[35mUser Load (0.5ms)[0m  SELECT "users".* FROM "users" WHERE "users"."email" = 'asdf@asdf.com' LIMIT 1
  Rendered users/new.html.erb (12.0ms)
Completed 200 OK in 34ms (Views: 18.7ms | ActiveRecord: 3.6ms)


Started POST "/login" for 127.0.0.1 at 2014-08-25 21:54:37 -0500
Processing by SessionController#login as HTML
  Parameters: {"utf8"=>"✓", "authenticity_token"=>"G/4FGk25Vs7oBMlZfjIlzAsZxOM3w/eFgxK60zf+aJs=", "user"=>{"email"=>"asdf@asdf.com", "password"=>"[FILTERED]"}, "commit"=>"Create User"}
  [1m[36mUser Load (0.3ms)[0m  [1mSELECT "users".* FROM "users" WHERE "users"."email" = 'asdf@asdf.com' LIMIT 1[0m
  Rendered users/new.html.erb (1.6ms)
Completed 500 Internal Server Error in 22ms

ActionView::Template::Error (First argument in form cannot contain nil or be empty):
    2: <%= @errors %>
    3: <% end %>
    4: <h2>Login</h2>
    5: <%= form_for @user, url: login_path, method: :post  do |f| %>
    6:   <%= f.email_field :email, :placeholder => "Email" %>
    7:   <%= f.password_field :password, :placeholder => "Password" %>
    8:   <%= f.submit %>
  app/views/users/new.html.erb:5:in `_app_views_users_new_html_erb___1758920813036853661_70270658756360'
  app/controllers/session_controller.rb:8:in `login'


  Rendered /Users/sabani/.rvm/gems/ruby-2.1.1/gems/actionpack-4.0.2/lib/action_dispatch/middleware/templates/rescues/_trace.erb (2.0ms)
  Rendered /Users/sabani/.rvm/gems/ruby-2.1.1/gems/actionpack-4.0.2/lib/action_dispatch/middleware/templates/rescues/_request_and_response.erb (1.6ms)
  Rendered /Users/sabani/.rvm/gems/ruby-2.1.1/gems/actionpack-4.0.2/lib/action_dispatch/middleware/templates/rescues/template_error.erb within rescues/layout (19.6ms)


Started POST "/login" for 127.0.0.1 at 2014-08-25 21:56:22 -0500
Processing by SessionController#login as HTML
  Parameters: {"utf8"=>"✓", "authenticity_token"=>"G/4FGk25Vs7oBMlZfjIlzAsZxOM3w/eFgxK60zf+aJs=", "user"=>{"email"=>"asdf@asdf.com", "password"=>"[FILTERED]"}, "commit"=>"Create User"}
  [1m[35mUser Load (0.3ms)[0m  SELECT "users".* FROM "users" WHERE "users"."email" = 'asdf@asdf.com' LIMIT 1
  Rendered users/new.html.erb within layouts/application (1.4ms)
Completed 500 Internal Server Error in 18ms

ActionView::Template::Error (First argument in form cannot contain nil or be empty):
    2: <%= @errors %>
    3: <% end %>
    4: <h2>Login</h2>
    5: <%= form_for @user, url: login_path, method: :post  do |f| %>
    6:   <%= f.email_field :email, :placeholder => "Email" %>
    7:   <%= f.password_field :password, :placeholder => "Password" %>
    8:   <%= f.submit %>
  app/views/users/new.html.erb:5:in `_app_views_users_new_html_erb___1758920813036853661_70270658756360'
  app/controllers/session_controller.rb:8:in `login'


  Rendered /Users/sabani/.rvm/gems/ruby-2.1.1/gems/actionpack-4.0.2/lib/action_dispatch/middleware/templates/rescues/_trace.erb (2.4ms)
  Rendered /Users/sabani/.rvm/gems/ruby-2.1.1/gems/actionpack-4.0.2/lib/action_dispatch/middleware/templates/rescues/_request_and_response.erb (1.7ms)
  Rendered /Users/sabani/.rvm/gems/ruby-2.1.1/gems/actionpack-4.0.2/lib/action_dispatch/middleware/templates/rescues/template_error.erb within rescues/layout (20.0ms)


Started POST "/login" for 127.0.0.1 at 2014-08-25 21:56:33 -0500
Processing by SessionController#login as HTML
  Parameters: {"utf8"=>"✓", "authenticity_token"=>"G/4FGk25Vs7oBMlZfjIlzAsZxOM3w/eFgxK60zf+aJs=", "user"=>{"email"=>"asdf@asdf.com", "password"=>"[FILTERED]"}, "commit"=>"Create User"}
  [1m[36mUser Load (0.6ms)[0m  [1mSELECT "users".* FROM "users" WHERE "users"."email" = 'asdf@asdf.com' LIMIT 1[0m
  Rendered users/new.html.erb within layouts/application (2.2ms)
Completed 500 Internal Server Error in 19ms

ActionView::Template::Error (First argument in form cannot contain nil or be empty):
    2: <%= @errors %>
    3: <% end %>
    4: <h2>Login</h2>
    5: <%= form_for @user, url: login_path, method: :post  do |f| %>
    6:   <%= f.email_field :email, :placeholder => "Email" %>
    7:   <%= f.password_field :password, :placeholder => "Password" %>
    8:   <%= f.submit %>
  app/views/users/new.html.erb:5:in `_app_views_users_new_html_erb___1758920813036853661_70270658756360'
  app/controllers/session_controller.rb:7:in `login'


  Rendered /Users/sabani/.rvm/gems/ruby-2.1.1/gems/actionpack-4.0.2/lib/action_dispatch/middleware/templates/rescues/_trace.erb (2.4ms)
  Rendered /Users/sabani/.rvm/gems/ruby-2.1.1/gems/actionpack-4.0.2/lib/action_dispatch/middleware/templates/rescues/_request_and_response.erb (1.6ms)
  Rendered /Users/sabani/.rvm/gems/ruby-2.1.1/gems/actionpack-4.0.2/lib/action_dispatch/middleware/templates/rescues/template_error.erb within rescues/layout (22.3ms)


Started POST "/login" for 127.0.0.1 at 2014-08-25 21:56:47 -0500
Processing by SessionController#login as HTML
  Parameters: {"utf8"=>"✓", "authenticity_token"=>"G/4FGk25Vs7oBMlZfjIlzAsZxOM3w/eFgxK60zf+aJs=", "user"=>{"email"=>"asdf@asdf.com", "password"=>"[FILTERED]"}, "commit"=>"Create User"}
  [1m[35mUser Load (0.3ms)[0m  SELECT "users".* FROM "users" WHERE "users"."email" = 'asdf@asdf.com' LIMIT 1
  Rendered users/new.html.erb within layouts/application (34.0ms)
Completed 500 Internal Server Error in 72ms

ActionView::Template::Error (undefined method `is_logged_in?' for #<#<Class:0x007fd255199310>:0x007fd2551984d8>):
    15:     new | comments | show | <%= link_to 'submit', new_post_path %>
    16:   </div>
    17:   <div class="right-nav">
    18:     <% if is_logged_in? %>
    19:       <%= link_to current_user, :class => 'user-name' do %><%= current_user.name%><% end %> | <%= link_to 'logout', logout_path %>
    20:     <% else %>
    21:       <%= link_to 'login', new_user_path %>
  app/views/layouts/application.html.erb:18:in `_app_views_layouts_application_html_erb___1927053450020937053_70270660129860'
  app/controllers/session_controller.rb:8:in `login'


  Rendered /Users/sabani/.rvm/gems/ruby-2.1.1/gems/actionpack-4.0.2/lib/action_dispatch/middleware/templates/rescues/_trace.erb (2.6ms)
  Rendered /Users/sabani/.rvm/gems/ruby-2.1.1/gems/actionpack-4.0.2/lib/action_dispatch/middleware/templates/rescues/_request_and_response.erb (2.1ms)
  Rendered /Users/sabani/.rvm/gems/ruby-2.1.1/gems/actionpack-4.0.2/lib/action_dispatch/middleware/templates/rescues/template_error.erb within rescues/layout (21.9ms)


Started GET "/users/new" for 127.0.0.1 at 2014-08-25 21:57:02 -0500
Processing by UsersController#new as HTML
  Rendered users/new.html.erb within layouts/application (11.4ms)
Completed 200 OK in 39ms (Views: 26.4ms | ActiveRecord: 3.1ms)


Started GET "/assets/application.css?body=1" for 127.0.0.1 at 2014-08-25 21:57:03 -0500


Started GET "/assets/comment.css?body=1" for 127.0.0.1 at 2014-08-25 21:57:03 -0500


Started GET "/assets/post.css?body=1" for 127.0.0.1 at 2014-08-25 21:57:03 -0500


Started GET "/assets/user.css?body=1" for 127.0.0.1 at 2014-08-25 21:57:03 -0500


Started GET "/assets/welcome.css?body=1" for 127.0.0.1 at 2014-08-25 21:57:03 -0500


Started GET "/assets/jquery.js?body=1" for 127.0.0.1 at 2014-08-25 21:57:03 -0500


Started GET "/assets/jquery_ujs.js?body=1" for 127.0.0.1 at 2014-08-25 21:57:03 -0500


Started GET "/assets/turbolinks.js?body=1" for 127.0.0.1 at 2014-08-25 21:57:03 -0500


Started GET "/assets/welcome.js?body=1" for 127.0.0.1 at 2014-08-25 21:57:03 -0500


Started GET "/assets/application.js?body=1" for 127.0.0.1 at 2014-08-25 21:57:03 -0500


Started GET "/assets/user.js?body=1" for 127.0.0.1 at 2014-08-25 21:57:03 -0500


Started GET "/assets/comment.js?body=1" for 127.0.0.1 at 2014-08-25 21:57:03 -0500


Started GET "/assets/ourstylz.css?body=1" for 127.0.0.1 at 2014-08-25 21:57:03 -0500


Started GET "/assets/post.js?body=1" for 127.0.0.1 at 2014-08-25 21:57:03 -0500


Started POST "/login" for 127.0.0.1 at 2014-08-25 21:57:08 -0500
Processing by SessionController#login as HTML
  Parameters: {"utf8"=>"✓", "authenticity_token"=>"G/4FGk25Vs7oBMlZfjIlzAsZxOM3w/eFgxK60zf+aJs=", "user"=>{"email"=>"joeY@joey.ceom", "password"=>"[FILTERED]"}, "commit"=>"Create User"}
  [1m[36mUser Load (0.7ms)[0m  [1mSELECT "users".* FROM "users" WHERE "users"."email" = 'joeY@joey.ceom' LIMIT 1[0m
  Rendered users/new.html.erb within layouts/application (4.1ms)
Completed 500 Internal Server Error in 33ms

ActionView::Template::Error (undefined method `is_logged_in?' for #<#<Class:0x007fd25369fbe0>:0x007fd25369e1f0>):
    15:     new | comments | show | <%= link_to 'submit', new_post_path %>
    16:   </div>
    17:   <div class="right-nav">
    18:     <% if is_logged_in? %>
    19:       <%= link_to current_user, :class => 'user-name' do %><%= current_user.name%><% end %> | <%= link_to 'logout', logout_path %>
    20:     <% else %>
    21:       <%= link_to 'login', new_user_path %>
  app/views/layouts/application.html.erb:18:in `_app_views_layouts_application_html_erb___1927053450020937053_70270660129860'
  app/controllers/session_controller.rb:9:in `login'


  Rendered /Users/sabani/.rvm/gems/ruby-2.1.1/gems/actionpack-4.0.2/lib/action_dispatch/middleware/templates/rescues/_trace.erb (2.1ms)
  Rendered /Users/sabani/.rvm/gems/ruby-2.1.1/gems/actionpack-4.0.2/lib/action_dispatch/middleware/templates/rescues/_request_and_response.erb (1.8ms)
  Rendered /Users/sabani/.rvm/gems/ruby-2.1.1/gems/actionpack-4.0.2/lib/action_dispatch/middleware/templates/rescues/template_error.erb within rescues/layout (19.2ms)


Started POST "/login" for 127.0.0.1 at 2014-08-25 21:57:26 -0500
Processing by SessionController#login as HTML
  Parameters: {"utf8"=>"✓", "authenticity_token"=>"G/4FGk25Vs7oBMlZfjIlzAsZxOM3w/eFgxK60zf+aJs=", "user"=>{"email"=>"joeY@joey.ceom", "password"=>"[FILTERED]"}, "commit"=>"Create User"}
  [1m[35mUser Load (0.3ms)[0m  SELECT "users".* FROM "users" WHERE "users"."email" = 'joeY@joey.ceom' LIMIT 1
  Rendered users/new.html.erb within layouts/application (13.1ms)
Completed 500 Internal Server Error in 51ms

ActionView::Template::Error (undefined method `is_logged_in?' for #<#<Class:0x007fd2568c81f8>:0x007fd2554829a0>):
    15:     new | comments | show | <%= link_to 'submit', new_post_path %>
    16:   </div>
    17:   <div class="right-nav">
    18:     <% if is_logged_in? %>
    19:       <%= link_to current_user, :class => 'user-name' do %><%= current_user.name%><% end %> | <%= link_to 'logout', logout_path %>
    20:     <% else %>
    21:       <%= link_to 'login', new_user_path %>
  app/views/layouts/application.html.erb:18:in `_app_views_layouts_application_html_erb___1927053450020937053_70270660129860'
  app/controllers/session_controller.rb:9:in `login'


  Rendered /Users/sabani/.rvm/gems/ruby-2.1.1/gems/actionpack-4.0.2/lib/action_dispatch/middleware/templates/rescues/_trace.erb (2.0ms)
  Rendered /Users/sabani/.rvm/gems/ruby-2.1.1/gems/actionpack-4.0.2/lib/action_dispatch/middleware/templates/rescues/_request_and_response.erb (1.7ms)
  Rendered /Users/sabani/.rvm/gems/ruby-2.1.1/gems/actionpack-4.0.2/lib/action_dispatch/middleware/templates/rescues/template_error.erb within rescues/layout (18.7ms)


Started POST "/login" for 127.0.0.1 at 2014-08-25 21:58:02 -0500
Processing by SessionController#login as HTML
  Parameters: {"utf8"=>"✓", "authenticity_token"=>"G/4FGk25Vs7oBMlZfjIlzAsZxOM3w/eFgxK60zf+aJs=", "user"=>{"email"=>"joeY@joey.ceom", "password"=>"[FILTERED]"}, "commit"=>"Create User"}
  [1m[36mUser Load (0.4ms)[0m  [1mSELECT "users".* FROM "users" WHERE "users"."email" = 'joeY@joey.ceom' LIMIT 1[0m
  Rendered users/new.html.erb (13.5ms)
Completed 200 OK in 34ms (Views: 16.2ms | ActiveRecord: 3.8ms)


Started GET "/users/new" for 127.0.0.1 at 2014-08-25 21:58:09 -0500
Processing by UsersController#new as HTML
  Rendered users/new.html.erb within layouts/application (17.8ms)
Completed 200 OK in 44ms (Views: 30.6ms | ActiveRecord: 3.4ms)


Started GET "/assets/application.css?body=1" for 127.0.0.1 at 2014-08-25 21:58:09 -0500


Started GET "/assets/comment.css?body=1" for 127.0.0.1 at 2014-08-25 21:58:09 -0500


Started GET "/assets/welcome.css?body=1" for 127.0.0.1 at 2014-08-25 21:58:09 -0500


Started GET "/assets/turbolinks.js?body=1" for 127.0.0.1 at 2014-08-25 21:58:09 -0500


Started GET "/assets/jquery_ujs.js?body=1" for 127.0.0.1 at 2014-08-25 21:58:09 -0500


Started GET "/assets/user.css?body=1" for 127.0.0.1 at 2014-08-25 21:58:09 -0500


Started GET "/assets/jquery.js?body=1" for 127.0.0.1 at 2014-08-25 21:58:09 -0500


Started GET "/assets/post.js?body=1" for 127.0.0.1 at 2014-08-25 21:58:09 -0500


Started GET "/assets/post.css?body=1" for 127.0.0.1 at 2014-08-25 21:58:09 -0500


Started GET "/assets/welcome.js?body=1" for 127.0.0.1 at 2014-08-25 21:58:09 -0500


Started GET "/assets/comment.js?body=1" for 127.0.0.1 at 2014-08-25 21:58:09 -0500


Started GET "/assets/user.js?body=1" for 127.0.0.1 at 2014-08-25 21:58:09 -0500


Started GET "/assets/application.js?body=1" for 127.0.0.1 at 2014-08-25 21:58:09 -0500


Started GET "/assets/ourstylz.css?body=1" for 127.0.0.1 at 2014-08-25 21:58:09 -0500


Started GET "/users/new" for 127.0.0.1 at 2014-08-25 21:58:26 -0500
Processing by UsersController#new as HTML
  Rendered users/new.html.erb within layouts/application (12.9ms)
Completed 200 OK in 39ms (Views: 25.2ms | ActiveRecord: 3.3ms)


Started GET "/assets/application.css?body=1" for 127.0.0.1 at 2014-08-25 21:58:26 -0500


Started GET "/assets/jquery.js?body=1" for 127.0.0.1 at 2014-08-25 21:58:26 -0500


Started GET "/assets/post.css?body=1" for 127.0.0.1 at 2014-08-25 21:58:26 -0500


Started GET "/assets/jquery_ujs.js?body=1" for 127.0.0.1 at 2014-08-25 21:58:26 -0500


Started GET "/assets/user.css?body=1" for 127.0.0.1 at 2014-08-25 21:58:26 -0500


Started GET "/assets/turbolinks.js?body=1" for 127.0.0.1 at 2014-08-25 21:58:26 -0500


Started GET "/assets/comment.css?body=1" for 127.0.0.1 at 2014-08-25 21:58:26 -0500


Started GET "/assets/welcome.css?body=1" for 127.0.0.1 at 2014-08-25 21:58:26 -0500


Started GET "/assets/post.js?body=1" for 127.0.0.1 at 2014-08-25 21:58:26 -0500


Started GET "/assets/comment.js?body=1" for 127.0.0.1 at 2014-08-25 21:58:26 -0500


Started GET "/assets/welcome.js?body=1" for 127.0.0.1 at 2014-08-25 21:58:26 -0500


Started GET "/assets/application.js?body=1" for 127.0.0.1 at 2014-08-25 21:58:26 -0500


Started GET "/assets/ourstylz.css?body=1" for 127.0.0.1 at 2014-08-25 21:58:26 -0500


Started GET "/assets/user.js?body=1" for 127.0.0.1 at 2014-08-25 21:58:26 -0500


Started POST "/login" for 127.0.0.1 at 2014-08-25 21:58:29 -0500
Processing by SessionController#login as HTML
  Parameters: {"utf8"=>"✓", "authenticity_token"=>"G/4FGk25Vs7oBMlZfjIlzAsZxOM3w/eFgxK60zf+aJs=", "user"=>{"email"=>"asdf@asdf.com", "password"=>"[FILTERED]"}, "commit"=>"Create User"}
  [1m[35mUser Load (1.0ms)[0m  SELECT "users".* FROM "users" WHERE "users"."email" = 'asdf@asdf.com' LIMIT 1
  Rendered users/new.html.erb within layouts/application (4.1ms)
Completed 500 Internal Server Error in 34ms

ActionView::Template::Error (undefined method `is_logged_in?' for #<#<Class:0x007fd256988188>:0x007fd2555e33a8>):
    15:     new | comments | show | <%= link_to 'submit', new_post_path %>
    16:   </div>
    17:   <div class="right-nav">
    18:     <% if is_logged_in? %>
    19:       <%= link_to current_user, :class => 'user-name' do %><%= current_user.name%><% end %> | <%= link_to 'logout', logout_path %>
    20:     <% else %>
    21:       <%= link_to 'login', new_user_path %>
  app/views/layouts/application.html.erb:18:in `_app_views_layouts_application_html_erb___1927053450020937053_70270660129860'
  app/controllers/session_controller.rb:9:in `login'


  Rendered /Users/sabani/.rvm/gems/ruby-2.1.1/gems/actionpack-4.0.2/lib/action_dispatch/middleware/templates/rescues/_trace.erb (2.0ms)
  Rendered /Users/sabani/.rvm/gems/ruby-2.1.1/gems/actionpack-4.0.2/lib/action_dispatch/middleware/templates/rescues/_request_and_response.erb (1.8ms)
  Rendered /Users/sabani/.rvm/gems/ruby-2.1.1/gems/actionpack-4.0.2/lib/action_dispatch/middleware/templates/rescues/template_error.erb within rescues/layout (19.1ms)


Started GET "/" for 127.0.0.1 at 2014-08-25 21:59:28 -0500
Processing by WelcomeController#index as HTML
  [1m[36mPost Load (0.6ms)[0m  [1mSELECT "posts".* FROM "posts" ORDER BY "posts"."created_at" DESC[0m
  Rendered welcome/index.html.erb within layouts/application (1.3ms)
Completed 200 OK in 18ms (Views: 11.7ms | ActiveRecord: 0.6ms)


Started GET "/assets/comment.css?body=1" for 127.0.0.1 at 2014-08-25 21:59:28 -0500


Started GET "/assets/user.css?body=1" for 127.0.0.1 at 2014-08-25 21:59:28 -0500


Started GET "/assets/jquery.js?body=1" for 127.0.0.1 at 2014-08-25 21:59:28 -0500


Started GET "/assets/application.css?body=1" for 127.0.0.1 at 2014-08-25 21:59:28 -0500


Started GET "/assets/welcome.css?body=1" for 127.0.0.1 at 2014-08-25 21:59:28 -0500


Started GET "/assets/post.css?body=1" for 127.0.0.1 at 2014-08-25 21:59:28 -0500


Started GET "/assets/jquery_ujs.js?body=1" for 127.0.0.1 at 2014-08-25 21:59:28 -0500


Started GET "/assets/ourstylz.css?body=1" for 127.0.0.1 at 2014-08-25 21:59:28 -0500


Started GET "/assets/comment.js?body=1" for 127.0.0.1 at 2014-08-25 21:59:28 -0500


Started GET "/assets/turbolinks.js?body=1" for 127.0.0.1 at 2014-08-25 21:59:28 -0500


Started GET "/assets/post.js?body=1" for 127.0.0.1 at 2014-08-25 21:59:28 -0500


Started GET "/assets/user.js?body=1" for 127.0.0.1 at 2014-08-25 21:59:28 -0500


Started GET "/assets/welcome.js?body=1" for 127.0.0.1 at 2014-08-25 21:59:28 -0500


Started GET "/assets/application.js?body=1" for 127.0.0.1 at 2014-08-25 21:59:28 -0500


Started GET "/users/new" for 127.0.0.1 at 2014-08-25 21:59:30 -0500
Processing by UsersController#new as HTML
  Rendered users/new.html.erb within layouts/application (12.7ms)
Completed 200 OK in 44ms (Views: 23.2ms | ActiveRecord: 3.2ms)


Started POST "/login" for 127.0.0.1 at 2014-08-25 21:59:34 -0500
Processing by SessionController#login as HTML
  Parameters: {"utf8"=>"✓", "authenticity_token"=>"G/4FGk25Vs7oBMlZfjIlzAsZxOM3w/eFgxK60zf+aJs=", "user"=>{"email"=>"asdf@asdf.com", "password"=>"[FILTERED]"}, "commit"=>"Create User"}
  [1m[35mUser Load (0.7ms)[0m  SELECT "users".* FROM "users" WHERE "users"."email" = 'asdf@asdf.com' LIMIT 1
Redirected to http://localhost:3000/users/new
Completed 302 Found in 4ms (ActiveRecord: 0.7ms)


Started GET "/users/new" for 127.0.0.1 at 2014-08-25 21:59:34 -0500
Processing by UsersController#new as HTML
  Rendered users/new.html.erb within layouts/application (3.8ms)
Completed 200 OK in 15ms (Views: 14.2ms | ActiveRecord: 0.0ms)


Started GET "/assets/application.css?body=1" for 127.0.0.1 at 2014-08-25 21:59:34 -0500


Started GET "/assets/comment.css?body=1" for 127.0.0.1 at 2014-08-25 21:59:34 -0500


Started GET "/assets/user.css?body=1" for 127.0.0.1 at 2014-08-25 21:59:34 -0500


Started GET "/assets/welcome.css?body=1" for 127.0.0.1 at 2014-08-25 21:59:34 -0500


Started GET "/assets/post.css?body=1" for 127.0.0.1 at 2014-08-25 21:59:34 -0500


Started GET "/assets/jquery.js?body=1" for 127.0.0.1 at 2014-08-25 21:59:34 -0500


Started GET "/assets/turbolinks.js?body=1" for 127.0.0.1 at 2014-08-25 21:59:34 -0500


Started GET "/assets/jquery_ujs.js?body=1" for 127.0.0.1 at 2014-08-25 21:59:34 -0500


Started GET "/assets/comment.js?body=1" for 127.0.0.1 at 2014-08-25 21:59:34 -0500


Started GET "/assets/post.js?body=1" for 127.0.0.1 at 2014-08-25 21:59:34 -0500


Started GET "/assets/user.js?body=1" for 127.0.0.1 at 2014-08-25 21:59:34 -0500


Started GET "/assets/ourstylz.css?body=1" for 127.0.0.1 at 2014-08-25 21:59:34 -0500


Started GET "/assets/welcome.js?body=1" for 127.0.0.1 at 2014-08-25 21:59:34 -0500


Started GET "/assets/application.js?body=1" for 127.0.0.1 at 2014-08-25 21:59:34 -0500


Started GET "/users/new" for 127.0.0.1 at 2014-08-25 22:01:21 -0500
Processing by UsersController#new as HTML
  Rendered users/new.html.erb within layouts/application (4.8ms)
Completed 200 OK in 16ms (Views: 15.2ms | ActiveRecord: 0.0ms)


Started GET "/assets/application.css?body=1" for 127.0.0.1 at 2014-08-25 22:01:21 -0500


Started GET "/assets/comment.css?body=1" for 127.0.0.1 at 2014-08-25 22:01:21 -0500


Started GET "/assets/post.css?body=1" for 127.0.0.1 at 2014-08-25 22:01:21 -0500


Started GET "/assets/jquery_ujs.js?body=1" for 127.0.0.1 at 2014-08-25 22:01:21 -0500


Started GET "/assets/welcome.css?body=1" for 127.0.0.1 at 2014-08-25 22:01:21 -0500


Started GET "/assets/turbolinks.js?body=1" for 127.0.0.1 at 2014-08-25 22:01:21 -0500


Started GET "/assets/ourstylz.css?body=1" for 127.0.0.1 at 2014-08-25 22:01:21 -0500


Started GET "/assets/comment.js?body=1" for 127.0.0.1 at 2014-08-25 22:01:21 -0500


Started GET "/assets/user.css?body=1" for 127.0.0.1 at 2014-08-25 22:01:21 -0500


Started GET "/assets/post.js?body=1" for 127.0.0.1 at 2014-08-25 22:01:21 -0500


Started GET "/assets/user.js?body=1" for 127.0.0.1 at 2014-08-25 22:01:21 -0500


Started GET "/assets/jquery.js?body=1" for 127.0.0.1 at 2014-08-25 22:01:21 -0500


Started GET "/assets/application.js?body=1" for 127.0.0.1 at 2014-08-25 22:01:21 -0500


Started GET "/assets/welcome.js?body=1" for 127.0.0.1 at 2014-08-25 22:01:21 -0500


Started GET "/users/new" for 127.0.0.1 at 2014-08-25 22:01:29 -0500
Processing by UsersController#new as HTML
  Rendered users/new.html.erb within layouts/application (5.0ms)
Completed 200 OK in 16ms (Views: 15.5ms | ActiveRecord: 0.0ms)


Started GET "/assets/application.css?body=1" for 127.0.0.1 at 2014-08-25 22:01:29 -0500


Started GET "/assets/welcome.css?body=1" for 127.0.0.1 at 2014-08-25 22:01:29 -0500


Started GET "/assets/comment.css?body=1" for 127.0.0.1 at 2014-08-25 22:01:29 -0500


Started GET "/assets/user.css?body=1" for 127.0.0.1 at 2014-08-25 22:01:29 -0500


Started GET "/assets/post.css?body=1" for 127.0.0.1 at 2014-08-25 22:01:29 -0500


Started GET "/assets/jquery.js?body=1" for 127.0.0.1 at 2014-08-25 22:01:29 -0500


Started GET "/assets/jquery_ujs.js?body=1" for 127.0.0.1 at 2014-08-25 22:01:29 -0500


Started GET "/assets/turbolinks.js?body=1" for 127.0.0.1 at 2014-08-25 22:01:29 -0500


Started GET "/assets/comment.js?body=1" for 127.0.0.1 at 2014-08-25 22:01:29 -0500


Started GET "/assets/post.js?body=1" for 127.0.0.1 at 2014-08-25 22:01:29 -0500


Started GET "/assets/ourstylz.css?body=1" for 127.0.0.1 at 2014-08-25 22:01:29 -0500


Started GET "/assets/application.js?body=1" for 127.0.0.1 at 2014-08-25 22:01:29 -0500


Started GET "/assets/welcome.js?body=1" for 127.0.0.1 at 2014-08-25 22:01:29 -0500


Started GET "/assets/user.js?body=1" for 127.0.0.1 at 2014-08-25 22:01:29 -0500


Started GET "/users/new" for 127.0.0.1 at 2014-08-25 22:02:14 -0500
Processing by UsersController#new as HTML
  Rendered users/new.html.erb within layouts/application (4.2ms)
Completed 200 OK in 17ms (Views: 16.2ms | ActiveRecord: 0.0ms)


Started GET "/assets/ourstylz.css?body=1" for 127.0.0.1 at 2014-08-25 22:02:14 -0500


Started GET "/assets/post.css?body=1" for 127.0.0.1 at 2014-08-25 22:02:14 -0500


Started GET "/assets/user.css?body=1" for 127.0.0.1 at 2014-08-25 22:02:14 -0500


Started GET "/assets/application.css?body=1" for 127.0.0.1 at 2014-08-25 22:02:14 -0500


Started GET "/assets/welcome.css?body=1" for 127.0.0.1 at 2014-08-25 22:02:14 -0500


Started GET "/assets/comment.css?body=1" for 127.0.0.1 at 2014-08-25 22:02:14 -0500


Started GET "/assets/jquery.js?body=1" for 127.0.0.1 at 2014-08-25 22:02:14 -0500


Started GET "/assets/jquery_ujs.js?body=1" for 127.0.0.1 at 2014-08-25 22:02:14 -0500


Started GET "/assets/comment.js?body=1" for 127.0.0.1 at 2014-08-25 22:02:14 -0500


Started GET "/assets/turbolinks.js?body=1" for 127.0.0.1 at 2014-08-25 22:02:14 -0500


Started GET "/assets/post.js?body=1" for 127.0.0.1 at 2014-08-25 22:02:14 -0500


Started GET "/assets/user.js?body=1" for 127.0.0.1 at 2014-08-25 22:02:14 -0500


Started GET "/assets/welcome.js?body=1" for 127.0.0.1 at 2014-08-25 22:02:14 -0500


Started GET "/assets/application.js?body=1" for 127.0.0.1 at 2014-08-25 22:02:14 -0500


Started GET "/users/new" for 127.0.0.1 at 2014-08-25 22:02:43 -0500
Processing by UsersController#new as HTML
  Rendered users/new.html.erb within layouts/application (4.1ms)
Completed 200 OK in 15ms (Views: 14.2ms | ActiveRecord: 0.0ms)


Started GET "/assets/post.css?body=1" for 127.0.0.1 at 2014-08-25 22:02:43 -0500


Started GET "/assets/user.css?body=1" for 127.0.0.1 at 2014-08-25 22:02:43 -0500


Started GET "/assets/comment.css?body=1" for 127.0.0.1 at 2014-08-25 22:02:43 -0500


Started GET "/assets/welcome.css?body=1" for 127.0.0.1 at 2014-08-25 22:02:43 -0500


Started GET "/assets/application.css?body=1" for 127.0.0.1 at 2014-08-25 22:02:43 -0500


Started GET "/assets/jquery.js?body=1" for 127.0.0.1 at 2014-08-25 22:02:43 -0500


Started GET "/assets/ourstylz.css?body=1" for 127.0.0.1 at 2014-08-25 22:02:43 -0500


Started GET "/assets/jquery_ujs.js?body=1" for 127.0.0.1 at 2014-08-25 22:02:43 -0500


Started GET "/assets/comment.js?body=1" for 127.0.0.1 at 2014-08-25 22:02:43 -0500


Started GET "/assets/turbolinks.js?body=1" for 127.0.0.1 at 2014-08-25 22:02:43 -0500


Started GET "/assets/post.js?body=1" for 127.0.0.1 at 2014-08-25 22:02:43 -0500


Started GET "/assets/user.js?body=1" for 127.0.0.1 at 2014-08-25 22:02:43 -0500


Started GET "/assets/application.js?body=1" for 127.0.0.1 at 2014-08-25 22:02:43 -0500


Started GET "/assets/welcome.js?body=1" for 127.0.0.1 at 2014-08-25 22:02:43 -0500
